#
# A fatal error has been detected by the Java Runtime Environment:
#
#  EXCEPTION_ACCESS_VIOLATION (0xc0000005) at pc=0x00007ffbb2f31d7b, pid=13368, tid=4688
#
# JRE version: Java(TM) SE Runtime Environment (12.0.2+10) (build 12.0.2+10)
# Java VM: Java HotSpot(TM) 64-Bit Server VM (12.0.2+10, mixed mode, sharing, tiered, compressed oops, g1 gc, windows-amd64)
# Problematic frame:
# V  [jvm.dll+0x6c1d7b]
#
# No core dump will be written. Minidumps are not enabled by default on client versions of Windows
#
# If you would like to submit a bug report, please visit:
#   http://bugreport.java.com/bugreport/crash.jsp
#

---------------  S U M M A R Y ------------

Command Line: -agentlib:jdwp=transport=dt_socket,suspend=y,address=localhost:55899 -ea -javaagent:C:\Users\dougr\eclipse\java-2019-06\eclipse\configuration\org.eclipse.osgi\226\0\.cp\lib\javaagent-shaded.jar -Dfile.encoding=UTF-8 org.eclipse.jdt.internal.junit.runner.RemoteTestRunner -version 3 -port 55898 -testLoaderClass org.eclipse.jdt.internal.junit4.runner.JUnit4TestLoader -loaderpluginname org.eclipse.jdt.junit4.runtime -classNames mucus_junits.SuperImposerifier_Mu004

Host: Intel(R) Core(TM) i7-4720HQ CPU @ 2.60GHz, 8 cores, 15G,  Windows 10 , 64 bit Build 19041 (10.0.19041.292)
Time: Sat Oct 17 10:45:17 2020 South Africa Standard Time elapsed time: 70 seconds (0d 0h 1m 10s)

---------------  T H R E A D  ---------------

Current thread (0x0000017af1dba800):  VMThread "VM Thread" [stack: 0x0000001ed4300000,0x0000001ed4400000] [id=4688]

Stack: [0x0000001ed4300000,0x0000001ed4400000],  sp=0x0000001ed43fe8c0,  free space=1018k
Native frames: (J=compiled Java code, j=interpreted, Vv=VM code, C=native code)
V  [jvm.dll+0x6c1d7b]
V  [jvm.dll+0x34e323]
V  [jvm.dll+0x3502c1]
V  [jvm.dll+0x350aee]
V  [jvm.dll+0x34df8c]
V  [jvm.dll+0x34d232]
V  [jvm.dll+0x629765]
V  [jvm.dll+0x6294ed]
V  [jvm.dll+0x5f07aa]
V  [jvm.dll+0x505327]
V  [jvm.dll+0x78f7cc]
V  [jvm.dll+0x793637]
V  [jvm.dll+0x793e8b]
V  [jvm.dll+0x7941d7]
V  [jvm.dll+0x74a2c8]
V  [jvm.dll+0x639b16]
C  [ucrtbase.dll+0x214c2]
C  [KERNEL32.DLL+0x16fd4]
C  [ntdll.dll+0x4cec1]


siginfo: EXCEPTION_ACCESS_VIOLATION (0xc0000005), reading address 0x0000000000000006


Register to memory mapping:

RIP=0x00007ffbb2f31d7b jvm.dll
RAX=0x0000001ed43fe950 points into unknown readable memory: ea 00 00 46 00 00 00 00
RBX=0x0000001ed43fe920 points into unknown readable memory: 10 02 11 b3 fb 7f 00 00
RCX=0x0 is NULL
RDX=0x0 is NULL
RSP=0x0000001ed43fe8c0 points into unknown readable memory: 20 e9 3f d4 1e 00 00 00
RBP=0x0000001ed43fee30 points into unknown readable memory: 08 38 da f1 7a 01 00 00
RSI=0x0 is NULL
RDI=0x0 is NULL
R8 =0x0 is NULL
R9 =0x0000017af22879d8 is pointing into metadata
R10=0x00007ffbb2870000 jvm.dll
R11=0x0000017af1da3790 points into unknown readable memory: 00 00 00 47 01 00 00 47
R12=0x0000017af1da3650 points into unknown readable memory: 00 b1 14 b3 16 01 00 00
R13=0x0000000000000140 is an unknown value
R14=0x0000017af228d147 is pointing into metadata
R15=0x000000000000011f is an unknown value


Registers:
RAX=0x0000001ed43fe950, RBX=0x0000001ed43fe920, RCX=0x0000000000000000, RDX=0x0000000000000000
RSP=0x0000001ed43fe8c0, RBP=0x0000001ed43fee30, RSI=0x0000000000000000, RDI=0x0000000000000000
R8 =0x0000000000000000, R9 =0x0000017af22879d8, R10=0x00007ffbb2870000, R11=0x0000017af1da3790
R12=0x0000017af1da3650, R13=0x0000000000000140, R14=0x0000017af228d147, R15=0x000000000000011f
RIP=0x00007ffbb2f31d7b, EFLAGS=0x0000000000010246

Top of Stack: (sp=0x0000001ed43fe8c0)
0x0000001ed43fe8c0:   0000001ed43fe920 00007ffc00ca06be
0x0000001ed43fe8d0:   0000000000000006 0000001ed43fea30
0x0000001ed43fe8e0:   0000000000000000 00007ffbb2bbe323
0x0000001ed43fe8f0:   0000000000000000 0000001ed43fefa0
0x0000001ed43fe900:   0000000000000006 0000000000000002
0x0000001ed43fe910:   0000000000000000 0000000000000100
0x0000001ed43fe920:   00007ffbb3110210 0000000000000000
0x0000001ed43fe930:   0000000000000000 00007ffb0000000c
0x0000001ed43fe940:   0000001ed43fe950 0000001e00000000
0x0000001ed43fe950:   00000000460000ea 0000000000000100
0x0000001ed43fe960:   4fffffff4fffffff 0000000000000001
0x0000001ed43fe970:   0000000000000005 00007ffc00d7f0b0
0x0000001ed43fe980:   0000017acc1da570 00007ffc00d7f000
0x0000001ed43fe990:   0000000000000006 0000001ed43fe978
0x0000001ed43fe9a0:   0000000000000000 00007ffbb30c7b57
0x0000001ed43fe9b0:   0000001ed43fef58 0000000700000037 

Instructions: (pc=0x00007ffbb2f31d7b)
0x00007ffbb2f31c7b:   48 8b cb ff 50 30 ff 43 14 48 c1 ef 04 eb 86 48
0x00007ffbb2f31c8b:   8b 03 45 33 c0 33 d2 48 8b cb ff 50 48 ff 43 14
0x00007ffbb2f31c9b:   48 c1 ef 04 e9 6c ff ff ff 48 8b 03 48 8b cb ff
0x00007ffbb2f31cab:   50 38 83 43 14 02 48 c1 ef 04 e9 56 ff ff ff 48
0x00007ffbb2f31cbb:   8b 03 48 8b cb ff 50 10 ff 43 14 48 c1 ef 04 e9
0x00007ffbb2f31ccb:   41 ff ff ff 48 8b 03 48 8b cb ff 50 18 83 43 14
0x00007ffbb2f31cdb:   02 48 c1 ef 04 e9 2b ff ff ff 48 8b 0d d4 b6 3e
0x00007ffbb2f31ceb:   00 48 8d 15 9d c7 22 00 e8 68 ad f7 ff 48 8b 0d
0x00007ffbb2f31cfb:   c1 b6 3e 00 48 8d 15 a2 c7 22 00 4c 8b c6 e8 52
0x00007ffbb2f31d0b:   ad f7 ff ba cb 00 00 00 48 8d 0d 16 c7 22 00 e8
0x00007ffbb2f31d1b:   61 09 ba ff e8 bc 12 f7 ff 48 c1 ef 04 e9 e3 fe
0x00007ffbb2f31d2b:   ff ff 0f 1f 00 31 1c 6c 00 42 1c 6c 00 54 1c 6c
0x00007ffbb2f31d3b:   00 66 1c 6c 00 78 1c 6c 00 a4 1c 6c 00 ba 1c 6c
0x00007ffbb2f31d4b:   00 cf 1c 6c 00 8a 1c 6c 00 e8 1b 6c 00 cc cc cc
0x00007ffbb2f31d5b:   cc cc cc cc cc 40 53 48 83 ec 20 c7 41 10 00 00
0x00007ffbb2f31d6b:   00 00 48 8b d9 48 89 7c 24 38 48 8b 79 08 33 c9
0x00007ffbb2f31d7b:   80 7f 06 28 74 26 44 8d 49 28 8d 51 35 48 8d 0d
0x00007ffbb2f31d8b:   a1 c6 22 00 4c 8d 05 8a c6 22 00 e8 65 07 ba ff
0x00007ffbb2f31d9b:   e8 40 12 f7 ff 8b 4b 10 48 8b 7b 08 8d 41 01 48
0x00007ffbb2f31dab:   63 c9 89 43 10 80 7c 39 07 29 0f 84 f3 00 00 00
0x00007ffbb2f31dbb:   48 89 74 24 30 44 8b c0 48 8d 35 36 e2 93 ff 66
0x00007ffbb2f31dcb:   0f 1f 44 00 00 4d 63 c8 41 0f be 4c 39 06 83 c1
0x00007ffbb2f31ddb:   be 83 f9 19 0f 87 96 00 00 00 48 63 c9 0f b6 8c
0x00007ffbb2f31deb:   0e 5c 1f 6c 00 8b 94 8e 4c 1f 6c 00 48 03 d6 ff
0x00007ffbb2f31dfb:   e2 41 8d 40 01 89 43 10 e9 8c 00 00 00 0f 1f 84
0x00007ffbb2f31e0b:   00 00 00 00 00 48 63 c8 ff c0 89 43 10 44 8b c0
0x00007ffbb2f31e1b:   80 7c 39 06 3b 75 ee eb 73 41 8d 40 01 89 43 10
0x00007ffbb2f31e2b:   41 80 7c 39 07 5b 75 1c 0f 1f 40 00 66 0f 1f 84
0x00007ffbb2f31e3b:   00 00 00 00 00 48 63 c8 ff c0 89 43 10 80 7c 39
0x00007ffbb2f31e4b:   07 5b 74 f1 48 63 c8 80 7c 39 06 4c 75 1b 0f 1f
0x00007ffbb2f31e5b:   80 00 00 00 00 48 63 c8 ff c0 89 43 10 44 8b c0
0x00007ffbb2f31e6b:   80 7c 39 06 3b 75 ee eb 23 ff c0 89 43 10 eb 19 


Stack slot to memory mapping:
stack at sp + 0 slots: 0x0000001ed43fe920 points into unknown readable memory: 10 02 11 b3 fb 7f 00 00
stack at sp + 1 slots: 0x00007ffc00ca06be ucrtbase.dll
stack at sp + 2 slots: 0x0000000000000006 is an unknown value
stack at sp + 3 slots: 0x0000001ed43fea30 points into unknown readable memory: e0 59 40 ce 7a 01 00 00
stack at sp + 4 slots: 0x0 is NULL
stack at sp + 5 slots: 0x00007ffbb2bbe323 jvm.dll
stack at sp + 6 slots: 0x0 is NULL
stack at sp + 7 slots: 0x0000001ed43fefa0 points into unknown readable memory: 68 d5 14 b3 fb 7f 00 00

VM_Operation (0x0000001ed4dff100): GetOrSetLocal, mode: safepoint, requested by thread 0x0000017af28bb000


---------------  P R O C E S S  ---------------

Threads class SMR info:
_java_thread_list=0x0000017af28629f0, length=14, elements={
0x0000017ace381800, 0x0000017af1dbb800, 0x0000017af1dbe800, 0x0000017af1dd8000,
0x0000017af1dd9800, 0x0000017af266a800, 0x0000017af266e000, 0x0000017af266e800,
0x0000017af27ba800, 0x0000017af28bb000, 0x0000017af2919800, 0x0000017af2860800,
0x0000017af2fa2000, 0x0000017af308e800
}

Java Threads: ( => current thread )
  0x0000017ace381800 JavaThread "main" [_thread_blocked, id=13248, stack(0x0000001ed3d00000,0x0000001ed3e00000)]
  0x0000017af1dbb800 JavaThread "Reference Handler" daemon [_thread_blocked, id=12664, stack(0x0000001ed4400000,0x0000001ed4500000)]
  0x0000017af1dbe800 JavaThread "Finalizer" daemon [_thread_blocked, id=1824, stack(0x0000001ed4500000,0x0000001ed4600000)]
  0x0000017af1dd8000 JavaThread "Signal Dispatcher" daemon [_thread_blocked, id=20128, stack(0x0000001ed4600000,0x0000001ed4700000)]
  0x0000017af1dd9800 JavaThread "Attach Listener" daemon [_thread_blocked, id=20092, stack(0x0000001ed4700000,0x0000001ed4800000)]
  0x0000017af266a800 JavaThread "C2 CompilerThread0" daemon [_thread_blocked, id=21132, stack(0x0000001ed4800000,0x0000001ed4900000)]
  0x0000017af266e000 JavaThread "C1 CompilerThread0" daemon [_thread_blocked, id=20796, stack(0x0000001ed4900000,0x0000001ed4a00000)]
  0x0000017af266e800 JavaThread "Sweeper thread" daemon [_thread_blocked, id=20856, stack(0x0000001ed4a00000,0x0000001ed4b00000)]
  0x0000017af27ba800 JavaThread "Common-Cleaner" daemon [_thread_blocked, id=17724, stack(0x0000001ed4b00000,0x0000001ed4c00000)]
  0x0000017af28bb000 JavaThread "JDWP Transport Listener: dt_socket" daemon [_thread_blocked, id=16816, stack(0x0000001ed4d00000,0x0000001ed4e00000)] _threads_hazard_ptr=0x0000017af28629f0
  0x0000017af2919800 JavaThread "JDWP Event Helper Thread" daemon [_thread_blocked, id=20320, stack(0x0000001ed4e00000,0x0000001ed4f00000)]
  0x0000017af2860800 JavaThread "JDWP Command Reader" daemon [_thread_in_native, id=19788, stack(0x0000001ed4f00000,0x0000001ed5000000)]
  0x0000017af2fa2000 JavaThread "Service Thread" daemon [_thread_blocked, id=20932, stack(0x0000001ed5000000,0x0000001ed5100000)]
  0x0000017af308e800 JavaThread "ReaderThread" [_thread_in_native, id=18212, stack(0x0000001ed5200000,0x0000001ed5300000)]

Other Threads:
=>0x0000017af1dba800 VMThread "VM Thread" [stack: 0x0000001ed4300000,0x0000001ed4400000] [id=4688]
  0x0000017af2f3e000 WatcherThread [stack: 0x0000001ed5100000,0x0000001ed5200000] [id=19388]
  0x0000017ace3e4800 GCTaskThread "GC Thread#0" [stack: 0x0000001ed3e00000,0x0000001ed3f00000] [id=21096]
  0x0000017ace3fe000 ConcurrentGCThread "G1 Main Marker" [stack: 0x0000001ed3f00000,0x0000001ed4000000] [id=9256]
  0x0000017ace401000 ConcurrentGCThread "G1 Conc#0" [stack: 0x0000001ed4000000,0x0000001ed4100000] [id=19048]
  0x0000017af1cb9000 ConcurrentGCThread "G1 Refine#0" [stack: 0x0000001ed4100000,0x0000001ed4200000] [id=17060]
  0x0000017af1cba000 ConcurrentGCThread "G1 Young RemSet Sampling" [stack: 0x0000001ed4200000,0x0000001ed4300000] [id=21368]

Threads with active compile tasks:

VM state:at safepoint (normal execution)

VM Mutex/Monitor currently owned by a thread:  ([mutex/lock_event])
[0x0000017ace37cc50] Threads_lock - owner thread: 0x0000017af1dba800

Heap address: 0x0000000700c00000, size: 4084 MB, Compressed Oops mode: Zero based, Oop shift amount: 3
Narrow klass base: 0x0000000800000000, Narrow klass shift: 3
Compressed class space size: 1073741824 Address: 0x0000000801190000

Heap:
 garbage-first heap   total 262144K, used 16384K [0x0000000700c00000, 0x0000000800000000)
  region size 1024K, 17 young (17408K), 0 survivors (0K)
 Metaspace       used 4739K, capacity 5939K, committed 6016K, reserved 1056768K
  class space    used 462K, capacity 571K, committed 640K, reserved 1048576K
Heap Regions: E=young(eden), S=young(survivor), O=old, HS=humongous(starts), HC=humongous(continues), CS=collection set, F=free, A=archive, TAMS=top-at-mark-start (previous, next)
|   0|0x0000000700c00000, 0x0000000700d00000, 0x0000000700d00000|100%|HS|  |TAMS 0x0000000700c00000, 0x0000000700c00000| Complete 
|   1|0x0000000700d00000, 0x0000000700d00000, 0x0000000700e00000|  0%| F|  |TAMS 0x0000000700d00000, 0x0000000700d00000| Untracked 
|   2|0x0000000700e00000, 0x0000000700e00000, 0x0000000700f00000|  0%| F|  |TAMS 0x0000000700e00000, 0x0000000700e00000| Untracked 
|   3|0x0000000700f00000, 0x0000000700f00000, 0x0000000701000000|  0%| F|  |TAMS 0x0000000700f00000, 0x0000000700f00000| Untracked 
|   4|0x0000000701000000, 0x0000000701000000, 0x0000000701100000|  0%| F|  |TAMS 0x0000000701000000, 0x0000000701000000| Untracked 
|   5|0x0000000701100000, 0x0000000701100000, 0x0000000701200000|  0%| F|  |TAMS 0x0000000701100000, 0x0000000701100000| Untracked 
|   6|0x0000000701200000, 0x0000000701200000, 0x0000000701300000|  0%| F|  |TAMS 0x0000000701200000, 0x0000000701200000| Untracked 
|   7|0x0000000701300000, 0x0000000701300000, 0x0000000701400000|  0%| F|  |TAMS 0x0000000701300000, 0x0000000701300000| Untracked 
|   8|0x0000000701400000, 0x0000000701400000, 0x0000000701500000|  0%| F|  |TAMS 0x0000000701400000, 0x0000000701400000| Untracked 
|   9|0x0000000701500000, 0x0000000701500000, 0x0000000701600000|  0%| F|  |TAMS 0x0000000701500000, 0x0000000701500000| Untracked 
|  10|0x0000000701600000, 0x0000000701600000, 0x0000000701700000|  0%| F|  |TAMS 0x0000000701600000, 0x0000000701600000| Untracked 
|  11|0x0000000701700000, 0x0000000701700000, 0x0000000701800000|  0%| F|  |TAMS 0x0000000701700000, 0x0000000701700000| Untracked 
|  12|0x0000000701800000, 0x0000000701800000, 0x0000000701900000|  0%| F|  |TAMS 0x0000000701800000, 0x0000000701800000| Untracked 
|  13|0x0000000701900000, 0x0000000701900000, 0x0000000701a00000|  0%| F|  |TAMS 0x0000000701900000, 0x0000000701900000| Untracked 
|  14|0x0000000701a00000, 0x0000000701a00000, 0x0000000701b00000|  0%| F|  |TAMS 0x0000000701a00000, 0x0000000701a00000| Untracked 
|  15|0x0000000701b00000, 0x0000000701b00000, 0x0000000701c00000|  0%| F|  |TAMS 0x0000000701b00000, 0x0000000701b00000| Untracked 
|  16|0x0000000701c00000, 0x0000000701c00000, 0x0000000701d00000|  0%| F|  |TAMS 0x0000000701c00000, 0x0000000701c00000| Untracked 
|  17|0x0000000701d00000, 0x0000000701d00000, 0x0000000701e00000|  0%| F|  |TAMS 0x0000000701d00000, 0x0000000701d00000| Untracked 
|  18|0x0000000701e00000, 0x0000000701e00000, 0x0000000701f00000|  0%| F|  |TAMS 0x0000000701e00000, 0x0000000701e00000| Untracked 
|  19|0x0000000701f00000, 0x0000000701f00000, 0x0000000702000000|  0%| F|  |TAMS 0x0000000701f00000, 0x0000000701f00000| Untracked 
|  20|0x0000000702000000, 0x0000000702000000, 0x0000000702100000|  0%| F|  |TAMS 0x0000000702000000, 0x0000000702000000| Untracked 
|  21|0x0000000702100000, 0x0000000702100000, 0x0000000702200000|  0%| F|  |TAMS 0x0000000702100000, 0x0000000702100000| Untracked 
|  22|0x0000000702200000, 0x0000000702200000, 0x0000000702300000|  0%| F|  |TAMS 0x0000000702200000, 0x0000000702200000| Untracked 
|  23|0x0000000702300000, 0x0000000702300000, 0x0000000702400000|  0%| F|  |TAMS 0x0000000702300000, 0x0000000702300000| Untracked 
|  24|0x0000000702400000, 0x0000000702400000, 0x0000000702500000|  0%| F|  |TAMS 0x0000000702400000, 0x0000000702400000| Untracked 
|  25|0x0000000702500000, 0x0000000702500000, 0x0000000702600000|  0%| F|  |TAMS 0x0000000702500000, 0x0000000702500000| Untracked 
|  26|0x0000000702600000, 0x0000000702600000, 0x0000000702700000|  0%| F|  |TAMS 0x0000000702600000, 0x0000000702600000| Untracked 
|  27|0x0000000702700000, 0x0000000702700000, 0x0000000702800000|  0%| F|  |TAMS 0x0000000702700000, 0x0000000702700000| Untracked 
|  28|0x0000000702800000, 0x0000000702800000, 0x0000000702900000|  0%| F|  |TAMS 0x0000000702800000, 0x0000000702800000| Untracked 
|  29|0x0000000702900000, 0x0000000702900000, 0x0000000702a00000|  0%| F|  |TAMS 0x0000000702900000, 0x0000000702900000| Untracked 
|  30|0x0000000702a00000, 0x0000000702a00000, 0x0000000702b00000|  0%| F|  |TAMS 0x0000000702a00000, 0x0000000702a00000| Untracked 
|  31|0x0000000702b00000, 0x0000000702b00000, 0x0000000702c00000|  0%| F|  |TAMS 0x0000000702b00000, 0x0000000702b00000| Untracked 
|  32|0x0000000702c00000, 0x0000000702c00000, 0x0000000702d00000|  0%| F|  |TAMS 0x0000000702c00000, 0x0000000702c00000| Untracked 
|  33|0x0000000702d00000, 0x0000000702d00000, 0x0000000702e00000|  0%| F|  |TAMS 0x0000000702d00000, 0x0000000702d00000| Untracked 
|  34|0x0000000702e00000, 0x0000000702e00000, 0x0000000702f00000|  0%| F|  |TAMS 0x0000000702e00000, 0x0000000702e00000| Untracked 
|  35|0x0000000702f00000, 0x0000000702f00000, 0x0000000703000000|  0%| F|  |TAMS 0x0000000702f00000, 0x0000000702f00000| Untracked 
|  36|0x0000000703000000, 0x0000000703000000, 0x0000000703100000|  0%| F|  |TAMS 0x0000000703000000, 0x0000000703000000| Untracked 
|  37|0x0000000703100000, 0x0000000703100000, 0x0000000703200000|  0%| F|  |TAMS 0x0000000703100000, 0x0000000703100000| Untracked 
|  38|0x0000000703200000, 0x0000000703200000, 0x0000000703300000|  0%| F|  |TAMS 0x0000000703200000, 0x0000000703200000| Untracked 
|  39|0x0000000703300000, 0x0000000703300000, 0x0000000703400000|  0%| F|  |TAMS 0x0000000703300000, 0x0000000703300000| Untracked 
|  40|0x0000000703400000, 0x0000000703400000, 0x0000000703500000|  0%| F|  |TAMS 0x0000000703400000, 0x0000000703400000| Untracked 
|  41|0x0000000703500000, 0x0000000703500000, 0x0000000703600000|  0%| F|  |TAMS 0x0000000703500000, 0x0000000703500000| Untracked 
|  42|0x0000000703600000, 0x0000000703600000, 0x0000000703700000|  0%| F|  |TAMS 0x0000000703600000, 0x0000000703600000| Untracked 
|  43|0x0000000703700000, 0x0000000703700000, 0x0000000703800000|  0%| F|  |TAMS 0x0000000703700000, 0x0000000703700000| Untracked 
|  44|0x0000000703800000, 0x0000000703800000, 0x0000000703900000|  0%| F|  |TAMS 0x0000000703800000, 0x0000000703800000| Untracked 
|  45|0x0000000703900000, 0x0000000703900000, 0x0000000703a00000|  0%| F|  |TAMS 0x0000000703900000, 0x0000000703900000| Untracked 
|  46|0x0000000703a00000, 0x0000000703a00000, 0x0000000703b00000|  0%| F|  |TAMS 0x0000000703a00000, 0x0000000703a00000| Untracked 
|  47|0x0000000703b00000, 0x0000000703b00000, 0x0000000703c00000|  0%| F|  |TAMS 0x0000000703b00000, 0x0000000703b00000| Untracked 
|  48|0x0000000703c00000, 0x0000000703c00000, 0x0000000703d00000|  0%| F|  |TAMS 0x0000000703c00000, 0x0000000703c00000| Untracked 
|  49|0x0000000703d00000, 0x0000000703d00000, 0x0000000703e00000|  0%| F|  |TAMS 0x0000000703d00000, 0x0000000703d00000| Untracked 
|  50|0x0000000703e00000, 0x0000000703e00000, 0x0000000703f00000|  0%| F|  |TAMS 0x0000000703e00000, 0x0000000703e00000| Untracked 
|  51|0x0000000703f00000, 0x0000000703f00000, 0x0000000704000000|  0%| F|  |TAMS 0x0000000703f00000, 0x0000000703f00000| Untracked 
|  52|0x0000000704000000, 0x0000000704000000, 0x0000000704100000|  0%| F|  |TAMS 0x0000000704000000, 0x0000000704000000| Untracked 
|  53|0x0000000704100000, 0x0000000704100000, 0x0000000704200000|  0%| F|  |TAMS 0x0000000704100000, 0x0000000704100000| Untracked 
|  54|0x0000000704200000, 0x0000000704200000, 0x0000000704300000|  0%| F|  |TAMS 0x0000000704200000, 0x0000000704200000| Untracked 
|  55|0x0000000704300000, 0x0000000704300000, 0x0000000704400000|  0%| F|  |TAMS 0x0000000704300000, 0x0000000704300000| Untracked 
|  56|0x0000000704400000, 0x0000000704400000, 0x0000000704500000|  0%| F|  |TAMS 0x0000000704400000, 0x0000000704400000| Untracked 
|  57|0x0000000704500000, 0x0000000704500000, 0x0000000704600000|  0%| F|  |TAMS 0x0000000704500000, 0x0000000704500000| Untracked 
|  58|0x0000000704600000, 0x0000000704600000, 0x0000000704700000|  0%| F|  |TAMS 0x0000000704600000, 0x0000000704600000| Untracked 
|  59|0x0000000704700000, 0x0000000704700000, 0x0000000704800000|  0%| F|  |TAMS 0x0000000704700000, 0x0000000704700000| Untracked 
|  60|0x0000000704800000, 0x0000000704800000, 0x0000000704900000|  0%| F|  |TAMS 0x0000000704800000, 0x0000000704800000| Untracked 
|  61|0x0000000704900000, 0x0000000704900000, 0x0000000704a00000|  0%| F|  |TAMS 0x0000000704900000, 0x0000000704900000| Untracked 
|  62|0x0000000704a00000, 0x0000000704a00000, 0x0000000704b00000|  0%| F|  |TAMS 0x0000000704a00000, 0x0000000704a00000| Untracked 
|  63|0x0000000704b00000, 0x0000000704b00000, 0x0000000704c00000|  0%| F|  |TAMS 0x0000000704b00000, 0x0000000704b00000| Untracked 
|  64|0x0000000704c00000, 0x0000000704c00000, 0x0000000704d00000|  0%| F|  |TAMS 0x0000000704c00000, 0x0000000704c00000| Untracked 
|  65|0x0000000704d00000, 0x0000000704d00000, 0x0000000704e00000|  0%| F|  |TAMS 0x0000000704d00000, 0x0000000704d00000| Untracked 
|  66|0x0000000704e00000, 0x0000000704e00000, 0x0000000704f00000|  0%| F|  |TAMS 0x0000000704e00000, 0x0000000704e00000| Untracked 
|  67|0x0000000704f00000, 0x0000000704f00000, 0x0000000705000000|  0%| F|  |TAMS 0x0000000704f00000, 0x0000000704f00000| Untracked 
|  68|0x0000000705000000, 0x0000000705000000, 0x0000000705100000|  0%| F|  |TAMS 0x0000000705000000, 0x0000000705000000| Untracked 
|  69|0x0000000705100000, 0x0000000705100000, 0x0000000705200000|  0%| F|  |TAMS 0x0000000705100000, 0x0000000705100000| Untracked 
|  70|0x0000000705200000, 0x0000000705200000, 0x0000000705300000|  0%| F|  |TAMS 0x0000000705200000, 0x0000000705200000| Untracked 
|  71|0x0000000705300000, 0x0000000705300000, 0x0000000705400000|  0%| F|  |TAMS 0x0000000705300000, 0x0000000705300000| Untracked 
|  72|0x0000000705400000, 0x0000000705400000, 0x0000000705500000|  0%| F|  |TAMS 0x0000000705400000, 0x0000000705400000| Untracked 
|  73|0x0000000705500000, 0x0000000705500000, 0x0000000705600000|  0%| F|  |TAMS 0x0000000705500000, 0x0000000705500000| Untracked 
|  74|0x0000000705600000, 0x0000000705600000, 0x0000000705700000|  0%| F|  |TAMS 0x0000000705600000, 0x0000000705600000| Untracked 
|  75|0x0000000705700000, 0x0000000705700000, 0x0000000705800000|  0%| F|  |TAMS 0x0000000705700000, 0x0000000705700000| Untracked 
|  76|0x0000000705800000, 0x0000000705800000, 0x0000000705900000|  0%| F|  |TAMS 0x0000000705800000, 0x0000000705800000| Untracked 
|  77|0x0000000705900000, 0x0000000705900000, 0x0000000705a00000|  0%| F|  |TAMS 0x0000000705900000, 0x0000000705900000| Untracked 
|  78|0x0000000705a00000, 0x0000000705a00000, 0x0000000705b00000|  0%| F|  |TAMS 0x0000000705a00000, 0x0000000705a00000| Untracked 
|  79|0x0000000705b00000, 0x0000000705b00000, 0x0000000705c00000|  0%| F|  |TAMS 0x0000000705b00000, 0x0000000705b00000| Untracked 
|  80|0x0000000705c00000, 0x0000000705c00000, 0x0000000705d00000|  0%| F|  |TAMS 0x0000000705c00000, 0x0000000705c00000| Untracked 
|  81|0x0000000705d00000, 0x0000000705d00000, 0x0000000705e00000|  0%| F|  |TAMS 0x0000000705d00000, 0x0000000705d00000| Untracked 
|  82|0x0000000705e00000, 0x0000000705e00000, 0x0000000705f00000|  0%| F|  |TAMS 0x0000000705e00000, 0x0000000705e00000| Untracked 
|  83|0x0000000705f00000, 0x0000000705f00000, 0x0000000706000000|  0%| F|  |TAMS 0x0000000705f00000, 0x0000000705f00000| Untracked 
|  84|0x0000000706000000, 0x0000000706000000, 0x0000000706100000|  0%| F|  |TAMS 0x0000000706000000, 0x0000000706000000| Untracked 
|  85|0x0000000706100000, 0x0000000706100000, 0x0000000706200000|  0%| F|  |TAMS 0x0000000706100000, 0x0000000706100000| Untracked 
|  86|0x0000000706200000, 0x0000000706200000, 0x0000000706300000|  0%| F|  |TAMS 0x0000000706200000, 0x0000000706200000| Untracked 
|  87|0x0000000706300000, 0x0000000706300000, 0x0000000706400000|  0%| F|  |TAMS 0x0000000706300000, 0x0000000706300000| Untracked 
|  88|0x0000000706400000, 0x0000000706400000, 0x0000000706500000|  0%| F|  |TAMS 0x0000000706400000, 0x0000000706400000| Untracked 
|  89|0x0000000706500000, 0x0000000706500000, 0x0000000706600000|  0%| F|  |TAMS 0x0000000706500000, 0x0000000706500000| Untracked 
|  90|0x0000000706600000, 0x0000000706600000, 0x0000000706700000|  0%| F|  |TAMS 0x0000000706600000, 0x0000000706600000| Untracked 
|  91|0x0000000706700000, 0x0000000706700000, 0x0000000706800000|  0%| F|  |TAMS 0x0000000706700000, 0x0000000706700000| Untracked 
|  92|0x0000000706800000, 0x0000000706800000, 0x0000000706900000|  0%| F|  |TAMS 0x0000000706800000, 0x0000000706800000| Untracked 
|  93|0x0000000706900000, 0x0000000706900000, 0x0000000706a00000|  0%| F|  |TAMS 0x0000000706900000, 0x0000000706900000| Untracked 
|  94|0x0000000706a00000, 0x0000000706a00000, 0x0000000706b00000|  0%| F|  |TAMS 0x0000000706a00000, 0x0000000706a00000| Untracked 
|  95|0x0000000706b00000, 0x0000000706b00000, 0x0000000706c00000|  0%| F|  |TAMS 0x0000000706b00000, 0x0000000706b00000| Untracked 
|  96|0x0000000706c00000, 0x0000000706c00000, 0x0000000706d00000|  0%| F|  |TAMS 0x0000000706c00000, 0x0000000706c00000| Untracked 
|  97|0x0000000706d00000, 0x0000000706d00000, 0x0000000706e00000|  0%| F|  |TAMS 0x0000000706d00000, 0x0000000706d00000| Untracked 
|  98|0x0000000706e00000, 0x0000000706e00000, 0x0000000706f00000|  0%| F|  |TAMS 0x0000000706e00000, 0x0000000706e00000| Untracked 
|  99|0x0000000706f00000, 0x0000000706f00000, 0x0000000707000000|  0%| F|  |TAMS 0x0000000706f00000, 0x0000000706f00000| Untracked 
| 100|0x0000000707000000, 0x0000000707000000, 0x0000000707100000|  0%| F|  |TAMS 0x0000000707000000, 0x0000000707000000| Untracked 
| 101|0x0000000707100000, 0x0000000707100000, 0x0000000707200000|  0%| F|  |TAMS 0x0000000707100000, 0x0000000707100000| Untracked 
| 102|0x0000000707200000, 0x0000000707200000, 0x0000000707300000|  0%| F|  |TAMS 0x0000000707200000, 0x0000000707200000| Untracked 
| 103|0x0000000707300000, 0x0000000707300000, 0x0000000707400000|  0%| F|  |TAMS 0x0000000707300000, 0x0000000707300000| Untracked 
| 104|0x0000000707400000, 0x0000000707400000, 0x0000000707500000|  0%| F|  |TAMS 0x0000000707400000, 0x0000000707400000| Untracked 
| 105|0x0000000707500000, 0x0000000707500000, 0x0000000707600000|  0%| F|  |TAMS 0x0000000707500000, 0x0000000707500000| Untracked 
| 106|0x0000000707600000, 0x0000000707600000, 0x0000000707700000|  0%| F|  |TAMS 0x0000000707600000, 0x0000000707600000| Untracked 
| 107|0x0000000707700000, 0x0000000707700000, 0x0000000707800000|  0%| F|  |TAMS 0x0000000707700000, 0x0000000707700000| Untracked 
| 108|0x0000000707800000, 0x0000000707800000, 0x0000000707900000|  0%| F|  |TAMS 0x0000000707800000, 0x0000000707800000| Untracked 
| 109|0x0000000707900000, 0x0000000707900000, 0x0000000707a00000|  0%| F|  |TAMS 0x0000000707900000, 0x0000000707900000| Untracked 
| 110|0x0000000707a00000, 0x0000000707a00000, 0x0000000707b00000|  0%| F|  |TAMS 0x0000000707a00000, 0x0000000707a00000| Untracked 
| 111|0x0000000707b00000, 0x0000000707b00000, 0x0000000707c00000|  0%| F|  |TAMS 0x0000000707b00000, 0x0000000707b00000| Untracked 
| 112|0x0000000707c00000, 0x0000000707c00000, 0x0000000707d00000|  0%| F|  |TAMS 0x0000000707c00000, 0x0000000707c00000| Untracked 
| 113|0x0000000707d00000, 0x0000000707d00000, 0x0000000707e00000|  0%| F|  |TAMS 0x0000000707d00000, 0x0000000707d00000| Untracked 
| 114|0x0000000707e00000, 0x0000000707e00000, 0x0000000707f00000|  0%| F|  |TAMS 0x0000000707e00000, 0x0000000707e00000| Untracked 
| 115|0x0000000707f00000, 0x0000000707f00000, 0x0000000708000000|  0%| F|  |TAMS 0x0000000707f00000, 0x0000000707f00000| Untracked 
| 116|0x0000000708000000, 0x0000000708000000, 0x0000000708100000|  0%| F|  |TAMS 0x0000000708000000, 0x0000000708000000| Untracked 
| 117|0x0000000708100000, 0x0000000708100000, 0x0000000708200000|  0%| F|  |TAMS 0x0000000708100000, 0x0000000708100000| Untracked 
| 118|0x0000000708200000, 0x0000000708200000, 0x0000000708300000|  0%| F|  |TAMS 0x0000000708200000, 0x0000000708200000| Untracked 
| 119|0x0000000708300000, 0x0000000708300000, 0x0000000708400000|  0%| F|  |TAMS 0x0000000708300000, 0x0000000708300000| Untracked 
| 120|0x0000000708400000, 0x0000000708400000, 0x0000000708500000|  0%| F|  |TAMS 0x0000000708400000, 0x0000000708400000| Untracked 
| 121|0x0000000708500000, 0x0000000708500000, 0x0000000708600000|  0%| F|  |TAMS 0x0000000708500000, 0x0000000708500000| Untracked 
| 122|0x0000000708600000, 0x0000000708600000, 0x0000000708700000|  0%| F|  |TAMS 0x0000000708600000, 0x0000000708600000| Untracked 
| 123|0x0000000708700000, 0x0000000708700000, 0x0000000708800000|  0%| F|  |TAMS 0x0000000708700000, 0x0000000708700000| Untracked 
| 124|0x0000000708800000, 0x0000000708800000, 0x0000000708900000|  0%| F|  |TAMS 0x0000000708800000, 0x0000000708800000| Untracked 
| 125|0x0000000708900000, 0x0000000708900000, 0x0000000708a00000|  0%| F|  |TAMS 0x0000000708900000, 0x0000000708900000| Untracked 
| 126|0x0000000708a00000, 0x0000000708a00000, 0x0000000708b00000|  0%| F|  |TAMS 0x0000000708a00000, 0x0000000708a00000| Untracked 
| 127|0x0000000708b00000, 0x0000000708b00000, 0x0000000708c00000|  0%| F|  |TAMS 0x0000000708b00000, 0x0000000708b00000| Untracked 
| 128|0x0000000708c00000, 0x0000000708c00000, 0x0000000708d00000|  0%| F|  |TAMS 0x0000000708c00000, 0x0000000708c00000| Untracked 
| 129|0x0000000708d00000, 0x0000000708d00000, 0x0000000708e00000|  0%| F|  |TAMS 0x0000000708d00000, 0x0000000708d00000| Untracked 
| 130|0x0000000708e00000, 0x0000000708e00000, 0x0000000708f00000|  0%| F|  |TAMS 0x0000000708e00000, 0x0000000708e00000| Untracked 
| 131|0x0000000708f00000, 0x0000000708f00000, 0x0000000709000000|  0%| F|  |TAMS 0x0000000708f00000, 0x0000000708f00000| Untracked 
| 132|0x0000000709000000, 0x0000000709000000, 0x0000000709100000|  0%| F|  |TAMS 0x0000000709000000, 0x0000000709000000| Untracked 
| 133|0x0000000709100000, 0x0000000709100000, 0x0000000709200000|  0%| F|  |TAMS 0x0000000709100000, 0x0000000709100000| Untracked 
| 134|0x0000000709200000, 0x0000000709200000, 0x0000000709300000|  0%| F|  |TAMS 0x0000000709200000, 0x0000000709200000| Untracked 
| 135|0x0000000709300000, 0x0000000709300000, 0x0000000709400000|  0%| F|  |TAMS 0x0000000709300000, 0x0000000709300000| Untracked 
| 136|0x0000000709400000, 0x0000000709400000, 0x0000000709500000|  0%| F|  |TAMS 0x0000000709400000, 0x0000000709400000| Untracked 
| 137|0x0000000709500000, 0x0000000709500000, 0x0000000709600000|  0%| F|  |TAMS 0x0000000709500000, 0x0000000709500000| Untracked 
| 138|0x0000000709600000, 0x0000000709600000, 0x0000000709700000|  0%| F|  |TAMS 0x0000000709600000, 0x0000000709600000| Untracked 
| 139|0x0000000709700000, 0x0000000709700000, 0x0000000709800000|  0%| F|  |TAMS 0x0000000709700000, 0x0000000709700000| Untracked 
| 140|0x0000000709800000, 0x0000000709800000, 0x0000000709900000|  0%| F|  |TAMS 0x0000000709800000, 0x0000000709800000| Untracked 
| 141|0x0000000709900000, 0x0000000709900000, 0x0000000709a00000|  0%| F|  |TAMS 0x0000000709900000, 0x0000000709900000| Untracked 
| 142|0x0000000709a00000, 0x0000000709a00000, 0x0000000709b00000|  0%| F|  |TAMS 0x0000000709a00000, 0x0000000709a00000| Untracked 
| 143|0x0000000709b00000, 0x0000000709b00000, 0x0000000709c00000|  0%| F|  |TAMS 0x0000000709b00000, 0x0000000709b00000| Untracked 
| 144|0x0000000709c00000, 0x0000000709c00000, 0x0000000709d00000|  0%| F|  |TAMS 0x0000000709c00000, 0x0000000709c00000| Untracked 
| 145|0x0000000709d00000, 0x0000000709d00000, 0x0000000709e00000|  0%| F|  |TAMS 0x0000000709d00000, 0x0000000709d00000| Untracked 
| 146|0x0000000709e00000, 0x0000000709e00000, 0x0000000709f00000|  0%| F|  |TAMS 0x0000000709e00000, 0x0000000709e00000| Untracked 
| 147|0x0000000709f00000, 0x0000000709f00000, 0x000000070a000000|  0%| F|  |TAMS 0x0000000709f00000, 0x0000000709f00000| Untracked 
| 148|0x000000070a000000, 0x000000070a000000, 0x000000070a100000|  0%| F|  |TAMS 0x000000070a000000, 0x000000070a000000| Untracked 
| 149|0x000000070a100000, 0x000000070a100000, 0x000000070a200000|  0%| F|  |TAMS 0x000000070a100000, 0x000000070a100000| Untracked 
| 150|0x000000070a200000, 0x000000070a200000, 0x000000070a300000|  0%| F|  |TAMS 0x000000070a200000, 0x000000070a200000| Untracked 
| 151|0x000000070a300000, 0x000000070a300000, 0x000000070a400000|  0%| F|  |TAMS 0x000000070a300000, 0x000000070a300000| Untracked 
| 152|0x000000070a400000, 0x000000070a400000, 0x000000070a500000|  0%| F|  |TAMS 0x000000070a400000, 0x000000070a400000| Untracked 
| 153|0x000000070a500000, 0x000000070a500000, 0x000000070a600000|  0%| F|  |TAMS 0x000000070a500000, 0x000000070a500000| Untracked 
| 154|0x000000070a600000, 0x000000070a600000, 0x000000070a700000|  0%| F|  |TAMS 0x000000070a600000, 0x000000070a600000| Untracked 
| 155|0x000000070a700000, 0x000000070a700000, 0x000000070a800000|  0%| F|  |TAMS 0x000000070a700000, 0x000000070a700000| Untracked 
| 156|0x000000070a800000, 0x000000070a800000, 0x000000070a900000|  0%| F|  |TAMS 0x000000070a800000, 0x000000070a800000| Untracked 
| 157|0x000000070a900000, 0x000000070a900000, 0x000000070aa00000|  0%| F|  |TAMS 0x000000070a900000, 0x000000070a900000| Untracked 
| 158|0x000000070aa00000, 0x000000070aa00000, 0x000000070ab00000|  0%| F|  |TAMS 0x000000070aa00000, 0x000000070aa00000| Untracked 
| 159|0x000000070ab00000, 0x000000070ab00000, 0x000000070ac00000|  0%| F|  |TAMS 0x000000070ab00000, 0x000000070ab00000| Untracked 
| 160|0x000000070ac00000, 0x000000070ac00000, 0x000000070ad00000|  0%| F|  |TAMS 0x000000070ac00000, 0x000000070ac00000| Untracked 
| 161|0x000000070ad00000, 0x000000070ad00000, 0x000000070ae00000|  0%| F|  |TAMS 0x000000070ad00000, 0x000000070ad00000| Untracked 
| 162|0x000000070ae00000, 0x000000070ae00000, 0x000000070af00000|  0%| F|  |TAMS 0x000000070ae00000, 0x000000070ae00000| Untracked 
| 163|0x000000070af00000, 0x000000070af00000, 0x000000070b000000|  0%| F|  |TAMS 0x000000070af00000, 0x000000070af00000| Untracked 
| 164|0x000000070b000000, 0x000000070b000000, 0x000000070b100000|  0%| F|  |TAMS 0x000000070b000000, 0x000000070b000000| Untracked 
| 165|0x000000070b100000, 0x000000070b100000, 0x000000070b200000|  0%| F|  |TAMS 0x000000070b100000, 0x000000070b100000| Untracked 
| 166|0x000000070b200000, 0x000000070b200000, 0x000000070b300000|  0%| F|  |TAMS 0x000000070b200000, 0x000000070b200000| Untracked 
| 167|0x000000070b300000, 0x000000070b300000, 0x000000070b400000|  0%| F|  |TAMS 0x000000070b300000, 0x000000070b300000| Untracked 
| 168|0x000000070b400000, 0x000000070b400000, 0x000000070b500000|  0%| F|  |TAMS 0x000000070b400000, 0x000000070b400000| Untracked 
| 169|0x000000070b500000, 0x000000070b500000, 0x000000070b600000|  0%| F|  |TAMS 0x000000070b500000, 0x000000070b500000| Untracked 
| 170|0x000000070b600000, 0x000000070b600000, 0x000000070b700000|  0%| F|  |TAMS 0x000000070b600000, 0x000000070b600000| Untracked 
| 171|0x000000070b700000, 0x000000070b700000, 0x000000070b800000|  0%| F|  |TAMS 0x000000070b700000, 0x000000070b700000| Untracked 
| 172|0x000000070b800000, 0x000000070b800000, 0x000000070b900000|  0%| F|  |TAMS 0x000000070b800000, 0x000000070b800000| Untracked 
| 173|0x000000070b900000, 0x000000070b900000, 0x000000070ba00000|  0%| F|  |TAMS 0x000000070b900000, 0x000000070b900000| Untracked 
| 174|0x000000070ba00000, 0x000000070ba00000, 0x000000070bb00000|  0%| F|  |TAMS 0x000000070ba00000, 0x000000070ba00000| Untracked 
| 175|0x000000070bb00000, 0x000000070bb00000, 0x000000070bc00000|  0%| F|  |TAMS 0x000000070bb00000, 0x000000070bb00000| Untracked 
| 176|0x000000070bc00000, 0x000000070bc00000, 0x000000070bd00000|  0%| F|  |TAMS 0x000000070bc00000, 0x000000070bc00000| Untracked 
| 177|0x000000070bd00000, 0x000000070bd00000, 0x000000070be00000|  0%| F|  |TAMS 0x000000070bd00000, 0x000000070bd00000| Untracked 
| 178|0x000000070be00000, 0x000000070be00000, 0x000000070bf00000|  0%| F|  |TAMS 0x000000070be00000, 0x000000070be00000| Untracked 
| 179|0x000000070bf00000, 0x000000070bf00000, 0x000000070c000000|  0%| F|  |TAMS 0x000000070bf00000, 0x000000070bf00000| Untracked 
| 180|0x000000070c000000, 0x000000070c000000, 0x000000070c100000|  0%| F|  |TAMS 0x000000070c000000, 0x000000070c000000| Untracked 
| 181|0x000000070c100000, 0x000000070c100000, 0x000000070c200000|  0%| F|  |TAMS 0x000000070c100000, 0x000000070c100000| Untracked 
| 182|0x000000070c200000, 0x000000070c200000, 0x000000070c300000|  0%| F|  |TAMS 0x000000070c200000, 0x000000070c200000| Untracked 
| 183|0x000000070c300000, 0x000000070c300000, 0x000000070c400000|  0%| F|  |TAMS 0x000000070c300000, 0x000000070c300000| Untracked 
| 184|0x000000070c400000, 0x000000070c400000, 0x000000070c500000|  0%| F|  |TAMS 0x000000070c400000, 0x000000070c400000| Untracked 
| 185|0x000000070c500000, 0x000000070c500000, 0x000000070c600000|  0%| F|  |TAMS 0x000000070c500000, 0x000000070c500000| Untracked 
| 186|0x000000070c600000, 0x000000070c600000, 0x000000070c700000|  0%| F|  |TAMS 0x000000070c600000, 0x000000070c600000| Untracked 
| 187|0x000000070c700000, 0x000000070c700000, 0x000000070c800000|  0%| F|  |TAMS 0x000000070c700000, 0x000000070c700000| Untracked 
| 188|0x000000070c800000, 0x000000070c800000, 0x000000070c900000|  0%| F|  |TAMS 0x000000070c800000, 0x000000070c800000| Untracked 
| 189|0x000000070c900000, 0x000000070c900000, 0x000000070ca00000|  0%| F|  |TAMS 0x000000070c900000, 0x000000070c900000| Untracked 
| 190|0x000000070ca00000, 0x000000070ca00000, 0x000000070cb00000|  0%| F|  |TAMS 0x000000070ca00000, 0x000000070ca00000| Untracked 
| 191|0x000000070cb00000, 0x000000070cb00000, 0x000000070cc00000|  0%| F|  |TAMS 0x000000070cb00000, 0x000000070cb00000| Untracked 
| 192|0x000000070cc00000, 0x000000070cc00000, 0x000000070cd00000|  0%| F|  |TAMS 0x000000070cc00000, 0x000000070cc00000| Untracked 
| 193|0x000000070cd00000, 0x000000070cd00000, 0x000000070ce00000|  0%| F|  |TAMS 0x000000070cd00000, 0x000000070cd00000| Untracked 
| 194|0x000000070ce00000, 0x000000070ce00000, 0x000000070cf00000|  0%| F|  |TAMS 0x000000070ce00000, 0x000000070ce00000| Untracked 
| 195|0x000000070cf00000, 0x000000070cf00000, 0x000000070d000000|  0%| F|  |TAMS 0x000000070cf00000, 0x000000070cf00000| Untracked 
| 196|0x000000070d000000, 0x000000070d000000, 0x000000070d100000|  0%| F|  |TAMS 0x000000070d000000, 0x000000070d000000| Untracked 
| 197|0x000000070d100000, 0x000000070d100000, 0x000000070d200000|  0%| F|  |TAMS 0x000000070d100000, 0x000000070d100000| Untracked 
| 198|0x000000070d200000, 0x000000070d200000, 0x000000070d300000|  0%| F|  |TAMS 0x000000070d200000, 0x000000070d200000| Untracked 
| 199|0x000000070d300000, 0x000000070d300000, 0x000000070d400000|  0%| F|  |TAMS 0x000000070d300000, 0x000000070d300000| Untracked 
| 200|0x000000070d400000, 0x000000070d400000, 0x000000070d500000|  0%| F|  |TAMS 0x000000070d400000, 0x000000070d400000| Untracked 
| 201|0x000000070d500000, 0x000000070d500000, 0x000000070d600000|  0%| F|  |TAMS 0x000000070d500000, 0x000000070d500000| Untracked 
| 202|0x000000070d600000, 0x000000070d600000, 0x000000070d700000|  0%| F|  |TAMS 0x000000070d600000, 0x000000070d600000| Untracked 
| 203|0x000000070d700000, 0x000000070d700000, 0x000000070d800000|  0%| F|  |TAMS 0x000000070d700000, 0x000000070d700000| Untracked 
| 204|0x000000070d800000, 0x000000070d800000, 0x000000070d900000|  0%| F|  |TAMS 0x000000070d800000, 0x000000070d800000| Untracked 
| 205|0x000000070d900000, 0x000000070d900000, 0x000000070da00000|  0%| F|  |TAMS 0x000000070d900000, 0x000000070d900000| Untracked 
| 206|0x000000070da00000, 0x000000070da00000, 0x000000070db00000|  0%| F|  |TAMS 0x000000070da00000, 0x000000070da00000| Untracked 
| 207|0x000000070db00000, 0x000000070db00000, 0x000000070dc00000|  0%| F|  |TAMS 0x000000070db00000, 0x000000070db00000| Untracked 
| 208|0x000000070dc00000, 0x000000070dc00000, 0x000000070dd00000|  0%| F|  |TAMS 0x000000070dc00000, 0x000000070dc00000| Untracked 
| 209|0x000000070dd00000, 0x000000070dd00000, 0x000000070de00000|  0%| F|  |TAMS 0x000000070dd00000, 0x000000070dd00000| Untracked 
| 210|0x000000070de00000, 0x000000070de00000, 0x000000070df00000|  0%| F|  |TAMS 0x000000070de00000, 0x000000070de00000| Untracked 
| 211|0x000000070df00000, 0x000000070df00000, 0x000000070e000000|  0%| F|  |TAMS 0x000000070df00000, 0x000000070df00000| Untracked 
| 212|0x000000070e000000, 0x000000070e000000, 0x000000070e100000|  0%| F|  |TAMS 0x000000070e000000, 0x000000070e000000| Untracked 
| 213|0x000000070e100000, 0x000000070e100000, 0x000000070e200000|  0%| F|  |TAMS 0x000000070e100000, 0x000000070e100000| Untracked 
| 214|0x000000070e200000, 0x000000070e200000, 0x000000070e300000|  0%| F|  |TAMS 0x000000070e200000, 0x000000070e200000| Untracked 
| 215|0x000000070e300000, 0x000000070e300000, 0x000000070e400000|  0%| F|  |TAMS 0x000000070e300000, 0x000000070e300000| Untracked 
| 216|0x000000070e400000, 0x000000070e400000, 0x000000070e500000|  0%| F|  |TAMS 0x000000070e400000, 0x000000070e400000| Untracked 
| 217|0x000000070e500000, 0x000000070e500000, 0x000000070e600000|  0%| F|  |TAMS 0x000000070e500000, 0x000000070e500000| Untracked 
| 218|0x000000070e600000, 0x000000070e600000, 0x000000070e700000|  0%| F|  |TAMS 0x000000070e600000, 0x000000070e600000| Untracked 
| 219|0x000000070e700000, 0x000000070e700000, 0x000000070e800000|  0%| F|  |TAMS 0x000000070e700000, 0x000000070e700000| Untracked 
| 220|0x000000070e800000, 0x000000070e800000, 0x000000070e900000|  0%| F|  |TAMS 0x000000070e800000, 0x000000070e800000| Untracked 
| 221|0x000000070e900000, 0x000000070e900000, 0x000000070ea00000|  0%| F|  |TAMS 0x000000070e900000, 0x000000070e900000| Untracked 
| 222|0x000000070ea00000, 0x000000070ea00000, 0x000000070eb00000|  0%| F|  |TAMS 0x000000070ea00000, 0x000000070ea00000| Untracked 
| 223|0x000000070eb00000, 0x000000070eb00000, 0x000000070ec00000|  0%| F|  |TAMS 0x000000070eb00000, 0x000000070eb00000| Untracked 
| 224|0x000000070ec00000, 0x000000070ec00000, 0x000000070ed00000|  0%| F|  |TAMS 0x000000070ec00000, 0x000000070ec00000| Untracked 
| 225|0x000000070ed00000, 0x000000070ed00000, 0x000000070ee00000|  0%| F|  |TAMS 0x000000070ed00000, 0x000000070ed00000| Untracked 
| 226|0x000000070ee00000, 0x000000070ee00000, 0x000000070ef00000|  0%| F|  |TAMS 0x000000070ee00000, 0x000000070ee00000| Untracked 
| 227|0x000000070ef00000, 0x000000070ef00000, 0x000000070f000000|  0%| F|  |TAMS 0x000000070ef00000, 0x000000070ef00000| Untracked 
| 228|0x000000070f000000, 0x000000070f000000, 0x000000070f100000|  0%| F|  |TAMS 0x000000070f000000, 0x000000070f000000| Untracked 
| 229|0x000000070f100000, 0x000000070f100000, 0x000000070f200000|  0%| F|  |TAMS 0x000000070f100000, 0x000000070f100000| Untracked 
| 230|0x000000070f200000, 0x000000070f200000, 0x000000070f300000|  0%| F|  |TAMS 0x000000070f200000, 0x000000070f200000| Untracked 
| 231|0x000000070f300000, 0x000000070f300000, 0x000000070f400000|  0%| F|  |TAMS 0x000000070f300000, 0x000000070f300000| Untracked 
| 232|0x000000070f400000, 0x000000070f400000, 0x000000070f500000|  0%| F|  |TAMS 0x000000070f400000, 0x000000070f400000| Untracked 
| 233|0x000000070f500000, 0x000000070f500000, 0x000000070f600000|  0%| F|  |TAMS 0x000000070f500000, 0x000000070f500000| Untracked 
| 234|0x000000070f600000, 0x000000070f600000, 0x000000070f700000|  0%| F|  |TAMS 0x000000070f600000, 0x000000070f600000| Untracked 
| 235|0x000000070f700000, 0x000000070f700000, 0x000000070f800000|  0%| F|  |TAMS 0x000000070f700000, 0x000000070f700000| Untracked 
| 236|0x000000070f800000, 0x000000070f800000, 0x000000070f900000|  0%| F|  |TAMS 0x000000070f800000, 0x000000070f800000| Untracked 
| 237|0x000000070f900000, 0x000000070f900000, 0x000000070fa00000|  0%| F|  |TAMS 0x000000070f900000, 0x000000070f900000| Untracked 
| 238|0x000000070fa00000, 0x000000070fa00000, 0x000000070fb00000|  0%| F|  |TAMS 0x000000070fa00000, 0x000000070fa00000| Untracked 
| 239|0x000000070fb00000, 0x000000070fbf6498, 0x000000070fc00000| 96%| E|  |TAMS 0x000000070fb00000, 0x000000070fb00000| Complete 
| 240|0x000000070fc00000, 0x000000070fd00000, 0x000000070fd00000|100%| E|CS|TAMS 0x000000070fc00000, 0x000000070fc00000| Complete 
| 241|0x000000070fd00000, 0x000000070fe00000, 0x000000070fe00000|100%| E|CS|TAMS 0x000000070fd00000, 0x000000070fd00000| Complete 
| 242|0x000000070fe00000, 0x000000070ff00000, 0x000000070ff00000|100%| E|CS|TAMS 0x000000070fe00000, 0x000000070fe00000| Complete 
| 243|0x000000070ff00000, 0x0000000710000000, 0x0000000710000000|100%| E|CS|TAMS 0x000000070ff00000, 0x000000070ff00000| Complete 
| 244|0x0000000710000000, 0x0000000710100000, 0x0000000710100000|100%| E|CS|TAMS 0x0000000710000000, 0x0000000710000000| Complete 
| 245|0x0000000710100000, 0x0000000710200000, 0x0000000710200000|100%| E|CS|TAMS 0x0000000710100000, 0x0000000710100000| Complete 
| 246|0x0000000710200000, 0x0000000710300000, 0x0000000710300000|100%| E|CS|TAMS 0x0000000710200000, 0x0000000710200000| Complete 
| 247|0x0000000710300000, 0x0000000710400000, 0x0000000710400000|100%| E|CS|TAMS 0x0000000710300000, 0x0000000710300000| Complete 
| 248|0x0000000710400000, 0x0000000710500000, 0x0000000710500000|100%| E|CS|TAMS 0x0000000710400000, 0x0000000710400000| Complete 
| 249|0x0000000710500000, 0x0000000710600000, 0x0000000710600000|100%| E|CS|TAMS 0x0000000710500000, 0x0000000710500000| Complete 
| 250|0x0000000710600000, 0x0000000710700000, 0x0000000710700000|100%| E|CS|TAMS 0x0000000710600000, 0x0000000710600000| Complete 
| 251|0x0000000710700000, 0x0000000710800000, 0x0000000710800000|100%| E|CS|TAMS 0x0000000710700000, 0x0000000710700000| Complete 
| 252|0x0000000710800000, 0x0000000710900000, 0x0000000710900000|100%| E|CS|TAMS 0x0000000710800000, 0x0000000710800000| Complete 
| 253|0x0000000710900000, 0x0000000710a00000, 0x0000000710a00000|100%| E|CS|TAMS 0x0000000710900000, 0x0000000710900000| Complete 
| 254|0x0000000710a00000, 0x0000000710b00000, 0x0000000710b00000|100%| E|  |TAMS 0x0000000710a00000, 0x0000000710a00000| Complete 
| 255|0x0000000710b00000, 0x0000000710c00000, 0x0000000710c00000|100%| E|CS|TAMS 0x0000000710b00000, 0x0000000710b00000| Complete 

Card table byte_map: [0x0000017ae62b0000,0x0000017ae6ab0000] _byte_map_base: 0x0000017ae2aaa000

Marking Bits (Prev, Next): (CMBitMap*) 0x0000017ace3e5748, (CMBitMap*) 0x0000017ace3e5788
 Prev Bits: [0x0000017ae72b0000, 0x0000017aeb280000)
 Next Bits: [0x0000017aeb280000, 0x0000017aef250000)

Polling page: 0x0000017acc1a0000

Metaspace:

Usage:
  Non-class:      5.24 MB capacity,     4.18 MB ( 80%) used,     1.06 MB ( 20%) free+waste,     7.19 KB ( <1%) overhead. 
      Class:    571.00 KB capacity,   462.77 KB ( 81%) used,   104.60 KB ( 18%) free+waste,     3.63 KB ( <1%) overhead. 
       Both:      5.80 MB capacity,     4.63 MB ( 80%) used,     1.16 MB ( 20%) free+waste,    10.81 KB ( <1%) overhead. 

Virtual space:
  Non-class space:        8.00 MB reserved,       5.25 MB ( 66%) committed 
      Class space:        1.00 GB reserved,     640.00 KB ( <1%) committed 
             Both:        1.01 GB reserved,       5.88 MB ( <1%) committed 

Chunk freelists:
   Non-Class:  1.00 KB
       Class:  640 bytes
        Both:  1.63 KB

CodeHeap 'non-profiled nmethods': size=120000Kb used=433Kb max_used=466Kb free=119566Kb
 bounds [0x0000017ade250000, 0x0000017ade4c0000, 0x0000017ae5780000]
CodeHeap 'profiled nmethods': size=120000Kb used=1561Kb max_used=1873Kb free=118438Kb
 bounds [0x0000017ad6d20000, 0x0000017ad6f90000, 0x0000017ade250000]
CodeHeap 'non-nmethods': size=5760Kb used=1178Kb max_used=1258Kb free=4581Kb
 bounds [0x0000017ad6780000, 0x0000017ad69f0000, 0x0000017ad6d20000]
 total_blobs=1491 nmethods=734 adapters=305
 compilation: enabled
              stopped_count=0, restarted_count=0
 full_count=0

Compilation events (10 events):
Event: 70.841 Thread 0x0000017af266e000 nmethod 850 0x0000017ad6ef2190 code [0x0000017ad6ef2360, 0x0000017ad6ef2790]
Event: 70.841 Thread 0x0000017af266e000  851       3       org.eclipse.jdt.launching.internal.org.objectweb.asm.FieldWriter::<init> (69 bytes)
Event: 70.841 Thread 0x0000017af266e000 nmethod 851 0x0000017ad6ef2910 code [0x0000017ad6ef2b20, 0x0000017ad6ef2f90]
Event: 70.841 Thread 0x0000017af266e000  852       3       org.eclipse.jdt.launching.internal.org.objectweb.asm.FieldVisitor::<init> (7 bytes)
Event: 70.841 Thread 0x0000017af266e000 nmethod 852 0x0000017ad6ef3190 code [0x0000017ad6ef3360, 0x0000017ad6ef3530]
Event: 70.841 Thread 0x0000017af266e000  853       3       org.eclipse.jdt.launching.internal.org.objectweb.asm.FieldVisitor::<init> (66 bytes)
Event: 70.842 Thread 0x0000017af266e000 nmethod 853 0x0000017ad6ef3610 code [0x0000017ad6ef38a0, 0x0000017ad6ef43a0]
Event: 70.847 Thread 0x0000017af266a800 nmethod 854 0x0000017ade25da10 code [0x0000017ade25dbe0, 0x0000017ade25e298]
Event: 70.847 Thread 0x0000017af266a800  855       4       org.eclipse.jdt.launching.internal.org.objectweb.asm.Label::resolve (219 bytes)
Event: 70.850 Thread 0x0000017af266a800 nmethod 855 0x0000017ade266410 code [0x0000017ade2665c0, 0x0000017ade266a58]

GC Heap History (0 events):
No events

Deoptimization events (10 events):
Event: 0.317 Thread 0x0000017ace381800 Uncommon trap: reason=class_check action=maybe_recompile pc=0x0000017ade25de90 method=java.util.HashMap.putVal(ILjava/lang/Object;Ljava/lang/Object;ZZ)Ljava/lang/Object; @ 152 c2
Event: 0.317 Thread 0x0000017ace381800 Uncommon trap: reason=class_check action=maybe_recompile pc=0x0000017ade25de90 method=java.util.HashMap.putVal(ILjava/lang/Object;Ljava/lang/Object;ZZ)Ljava/lang/Object; @ 152 c2
Event: 0.317 Thread 0x0000017ace381800 Uncommon trap: reason=class_check action=maybe_recompile pc=0x0000017ade25de90 method=java.util.HashMap.putVal(ILjava/lang/Object;Ljava/lang/Object;ZZ)Ljava/lang/Object; @ 152 c2
Event: 0.337 Thread 0x0000017ace381800 Uncommon trap: reason=unstable_if action=reinterpret pc=0x0000017ade266604 method=java.util.HashMap.putVal(ILjava/lang/Object;Ljava/lang/Object;ZZ)Ljava/lang/Object; @ 181 c2
Event: 0.398 Thread 0x0000017ace381800 Uncommon trap: reason=unstable_if action=reinterpret pc=0x0000017ade2554ac method=java.lang.String.isLatin1()Z @ 10 c2
Event: 0.591 Thread 0x0000017ace381800 Uncommon trap: reason=unstable_if action=reinterpret pc=0x0000017ade284494 method=org.eclipse.jdt.launching.internal.org.objectweb.asm.ClassReader.readUtf(II[C)Ljava/lang/String; @ 41 c2
Event: 0.591 Thread 0x0000017ace381800 Uncommon trap: reason=unstable_fused_if action=reinterpret pc=0x0000017ade28c780 method=org.eclipse.jdt.launching.internal.org.objectweb.asm.ByteVector.putUTF8(Ljava/lang/String;)Lorg/eclipse/jdt/launching/internal/org/objectweb/asm/ByteVector; @ 93 c2
Event: 0.591 Thread 0x0000017ace381800 Uncommon trap: reason=unstable_if action=reinterpret pc=0x0000017ade28166c method=org.eclipse.jdt.launching.internal.org.objectweb.asm.ClassReader.readUtf(II[C)Ljava/lang/String; @ 41 c2
Event: 0.591 Thread 0x0000017ace381800 Uncommon trap: reason=unstable_if action=reinterpret pc=0x0000017ade257864 method=java.lang.String.isLatin1()Z @ 10 c2
Event: 0.591 Thread 0x0000017ace381800 Uncommon trap: reason=unstable_fused_if action=reinterpret pc=0x0000017ade27dfb4 method=org.eclipse.jdt.launching.internal.org.objectweb.asm.ByteVector.putUTF8(Ljava/lang/String;)Lorg/eclipse/jdt/launching/internal/org/objectweb/asm/ByteVector; @ 93 c2

Classes redefined (2 events):
Event: 57.146 Thread 0x0000017af1dba800 redefined class name=mu_with_position_relationship.Mu, count=1
Event: 70.846 Thread 0x0000017af1dba800 redefined class name=mu_with_position_relationship.Mu, count=2

Internal exceptions (2 events):
Event: 0.559 Thread 0x0000017ace381800 Exception <a 'java/lang/IncompatibleClassChangeError'{0x00000007100d0f00}: Found class java.lang.Object, but interface was expected> (0x00000007100d0f00) thrown at [t:/workspace/open/src/hotspot/share/interpreter/linkResolver.cpp, line 843]
Event: 0.580 Thread 0x0000017ace381800 Exception <a 'java/lang/NoSuchMethodError'{0x000000070fffcd88}: java.lang.invoke.DirectMethodHandle$Holder.invokeSpecialIFC(Ljava/lang/Object;Ljava/lang/Object;I)I> (0x000000070fffcd88) thrown at [t:/workspace/open/src/hotspot/share/interpreter/linkResolv

Events (10 events):
Event: 70.858 Executing VM operation: SetFramePop done
Event: 70.858 Executing VM operation: GetFrameLocation
Event: 70.858 Executing VM operation: GetFrameLocation done
Event: 70.858 Executing VM operation: GetCurrentLocation
Event: 70.858 Executing VM operation: GetCurrentLocation done
Event: 70.858 Executing VM operation: ChangeSingleStep
Event: 70.858 Executing VM operation: ChangeSingleStep done
Event: 70.858 Executing VM operation: GetFrameLocation
Event: 70.858 Executing VM operation: GetFrameLocation done
Event: 70.858 Executing VM operation: GetOrSetLocal


Dynamic libraries:
0x00007ff6baf30000 - 0x00007ff6baf3f000 	C:\Program Files\Java\jdk-12.0.2\bin\javaw.exe
0x00007ffc03230000 - 0x00007ffc03425000 	C:\WINDOWS\SYSTEM32\ntdll.dll
0x00007ffbe2310000 - 0x00007ffbe2322000 	C:\Program Files\AVG\Antivirus\aswhook.dll
0x00007ffc023e0000 - 0x00007ffc0249d000 	C:\WINDOWS\System32\KERNEL32.DLL
0x00007ffc00970000 - 0x00007ffc00c37000 	C:\WINDOWS\System32\KERNELBASE.dll
0x00007ffbfe310000 - 0x00007ffbfe3a0000 	C:\WINDOWS\SYSTEM32\apphelp.dll
0x00007ffc00c90000 - 0x00007ffc00d90000 	C:\WINDOWS\System32\ucrtbase.dll
0x00007ffbf7d60000 - 0x00007ffbf7d78000 	C:\Program Files\Java\jdk-12.0.2\bin\jli.dll
0x00007ffc01900000 - 0x00007ffc019aa000 	C:\WINDOWS\System32\ADVAPI32.dll
0x00007ffc01470000 - 0x00007ffc0150e000 	C:\WINDOWS\System32\msvcrt.dll
0x00007ffc02110000 - 0x00007ffc021ab000 	C:\WINDOWS\System32\sechost.dll
0x00007ffc021e0000 - 0x00007ffc02304000 	C:\WINDOWS\System32\RPCRT4.dll
0x00007ffc024a0000 - 0x00007ffc02640000 	C:\WINDOWS\System32\USER32.dll
0x00007ffc00e30000 - 0x00007ffc00e52000 	C:\WINDOWS\System32\win32u.dll
0x00007ffc015f0000 - 0x00007ffc0161a000 	C:\WINDOWS\System32\GDI32.dll
0x00007ffc01100000 - 0x00007ffc01209000 	C:\WINDOWS\System32\gdi32full.dll
0x00007ffc00d90000 - 0x00007ffc00e2d000 	C:\WINDOWS\System32\msvcp_win.dll
0x00007ffbf6590000 - 0x00007ffbf65a6000 	C:\Program Files\Java\jdk-12.0.2\bin\VCRUNTIME140.dll
0x00007ffbe7180000 - 0x00007ffbe741b000 	C:\WINDOWS\WinSxS\amd64_microsoft.windows.common-controls_6595b64144ccf1df_6.0.19041.488_none_ca04af081b815d21\COMCTL32.dll
0x00007ffbf9020000 - 0x00007ffbf902a000 	C:\WINDOWS\SYSTEM32\VERSION.dll
0x00007ffc021b0000 - 0x00007ffc021e0000 	C:\WINDOWS\System32\IMM32.DLL
0x00007ffbf12a0000 - 0x00007ffbf134a000 	C:\Program Files\Java\jdk-12.0.2\bin\msvcp140.dll
0x00007ffbb2870000 - 0x00007ffbb33e7000 	C:\Program Files\Java\jdk-12.0.2\bin\server\jvm.dll
0x00007ffc01840000 - 0x00007ffc01848000 	C:\WINDOWS\System32\PSAPI.DLL
0x00007ffbede80000 - 0x00007ffbede89000 	C:\WINDOWS\SYSTEM32\WSOCK32.dll
0x00007ffc017d0000 - 0x00007ffc0183b000 	C:\WINDOWS\System32\WS2_32.dll
0x00007ffbf5790000 - 0x00007ffbf57b7000 	C:\WINDOWS\SYSTEM32\WINMM.dll
0x00007ffbfe8d0000 - 0x00007ffbfe8e3000 	C:\WINDOWS\SYSTEM32\kernel.appcore.dll
0x00007ffbfe270000 - 0x00007ffbfe281000 	C:\Program Files\Java\jdk-12.0.2\bin\verify.dll
0x00007ffbf7a70000 - 0x00007ffbf7c54000 	C:\WINDOWS\SYSTEM32\DBGHELP.DLL
0x00007ffbf7fe0000 - 0x00007ffbf800c000 	C:\WINDOWS\SYSTEM32\dbgcore.DLL
0x00007ffc01210000 - 0x00007ffc0128f000 	C:\WINDOWS\System32\bcryptPrimitives.dll
0x00007ffbfafb0000 - 0x00007ffbfafd6000 	C:\Program Files\Java\jdk-12.0.2\bin\java.dll
0x00007ffbf1260000 - 0x00007ffbf1298000 	C:\Program Files\Java\jdk-12.0.2\bin\jdwp.dll
0x00007ffbfe2d0000 - 0x00007ffbfe2de000 	C:\Program Files\Java\jdk-12.0.2\bin\instrument.dll
0x00007ffbfb7b0000 - 0x00007ffbfb7c7000 	C:\Program Files\Java\jdk-12.0.2\bin\zip.dll
0x00007ffbfb700000 - 0x00007ffbfb70a000 	C:\Program Files\Java\jdk-12.0.2\bin\jimage.dll
0x00007ffc019c0000 - 0x00007ffc02101000 	C:\WINDOWS\System32\SHELL32.dll
0x00007ffbfead0000 - 0x00007ffbff263000 	C:\WINDOWS\SYSTEM32\windows.storage.dll
0x00007ffc02640000 - 0x00007ffc02995000 	C:\WINDOWS\System32\combase.dll
0x00007ffc00310000 - 0x00007ffc0033c000 	C:\WINDOWS\SYSTEM32\Wldp.dll
0x00007ffc02e10000 - 0x00007ffc02ebe000 	C:\WINDOWS\System32\SHCORE.dll
0x00007ffc03110000 - 0x00007ffc03165000 	C:\WINDOWS\System32\shlwapi.dll
0x00007ffc008a0000 - 0x00007ffc008c6000 	C:\WINDOWS\SYSTEM32\profapi.dll
0x00007ffbfc710000 - 0x00007ffbfc71a000 	C:\Program Files\Java\jdk-12.0.2\bin\dt_socket.dll
0x00007ffc00090000 - 0x00007ffc000fa000 	C:\WINDOWS\System32\mswsock.dll
0x00007ffbffdc0000 - 0x00007ffbffe8b000 	C:\WINDOWS\SYSTEM32\DNSAPI.dll
0x00007ffbffd80000 - 0x00007ffbffdbb000 	C:\WINDOWS\SYSTEM32\IPHLPAPI.DLL
0x00007ffc02ec0000 - 0x00007ffc02ec9000 	C:\WINDOWS\System32\NSI.dll
0x00007ffbee940000 - 0x00007ffbee9bf000 	C:\WINDOWS\System32\fwpuclnt.dll
0x00007ffc010d0000 - 0x00007ffc010f7000 	C:\WINDOWS\System32\bcrypt.dll
0x00007ffbf60a0000 - 0x00007ffbf60aa000 	C:\Windows\System32\rasadhlp.dll
0x00007ffbfaf90000 - 0x00007ffbfafa9000 	C:\Program Files\Java\jdk-12.0.2\bin\net.dll
0x00007ffbfaba0000 - 0x00007ffbfaca0000 	C:\WINDOWS\SYSTEM32\WINHTTP.dll
0x00007ffbf5de0000 - 0x00007ffbf5fcd000 	C:\WINDOWS\SYSTEM32\urlmon.dll
0x00007ffbf1360000 - 0x00007ffbf160f000 	C:\WINDOWS\SYSTEM32\iertutil.dll
0x00007ffbfaf70000 - 0x00007ffbfaf83000 	C:\Program Files\Java\jdk-12.0.2\bin\nio.dll

dbghelp: loaded successfully - version: 4.0.5 - missing functions: none
symbol engine: initialized successfully - sym options: 0x614 - pdb path: .;C:\Program Files\Java\jdk-12.0.2\bin;C:\WINDOWS\SYSTEM32;C:\Program Files\AVG\Antivirus;C:\WINDOWS\WinSxS\amd64_microsoft.windows.common-controls_6595b64144ccf1df_6.0.19041.488_none_ca04af081b815d21;C:\Program Files\Java\jdk-12.0.2\bin\server

VM Arguments:
jvm_args: -agentlib:jdwp=transport=dt_socket,suspend=y,address=localhost:55899 -ea -javaagent:C:\Users\dougr\eclipse\java-2019-06\eclipse\configuration\org.eclipse.osgi\226\0\.cp\lib\javaagent-shaded.jar -Dfile.encoding=UTF-8 
java_command: org.eclipse.jdt.internal.junit.runner.RemoteTestRunner -version 3 -port 55898 -testLoaderClass org.eclipse.jdt.internal.junit4.runner.JUnit4TestLoader -loaderpluginname org.eclipse.jdt.junit4.runtime -classNames mucus_junits.SuperImposerifier_Mu004
java_class_path (initial): D:\Documents\DougzJavaz\Mucus\bin;D:\Documents\DougzJavaz\javajar\acm.jar;D:\Documents\DougzJavaz\javajar\max.jar;D:\Documents\DougzJavaz\DAUtils\bin;C:\Users\dougr\.p2\pool\plugins\org.junit_4.12.0.v201504281640\junit.jar;C:\Users\dougr\.p2\pool\plugins\org.hamcrest.core_1.3.0.v20180420-1519.jar;D:\Documents\DougzJavaz\javajar\poi\poi-3.16\poi-3.16.jar;D:\Documents\DougzJavaz\javajar\poi\poi-3.16\poi-examples-3.16.jar;D:\Documents\DougzJavaz\javajar\poi\poi-3.16\poi-excelant-3.16.jar;D:\Documents\DougzJavaz\javajar\poi\poi-3.16\poi-ooxml-3.16.jar;D:\Documents\DougzJavaz\javajar\poi\poi-3.16\poi-ooxml-schemas-3.16.jar;D:\Documents\DougzJavaz\javajar\poi\poi-3.16\poi-scratchpad-3.16.jar;D:\Documents\DougzJavaz\javajar\poi\poi-3.16\lib\commons-codec-1.10.jar;D:\Documents\DougzJavaz\javajar\poi\poi-3.16\lib\commons-collections4-4.1.jar;D:\Documents\DougzJavaz\javajar\poi\poi-3.16\lib\commons-logging-1.2.jar;D:\Documents\DougzJavaz\javajar\poi\poi-3.16\lib\junit-4.12.jar;D:\Documents\DougzJavaz\javajar\poi\poi-3.16\lib\log4j-1.2.17.jar;D:\Documents\DougzJavaz\javajar\poi\poi-3.16\ooxml-lib\curvesapi-1.04.jar;D:\Documents\DougzJavaz\javajar\poi\poi-3.16\ooxml-lib\xmlbeans-2.6.0.jar;D:\Documents\DougzJavaz\javajar\org.apache.commons.io.jar;C:\Users\dougr\.p2\pool\plugins\org.junit.jupiter.api_5.4.0.v20190212-2109.jar;C:\Users\dougr\.p2\pool\plugins\org.junit.jupiter.engine_5.4.0.v20190212-2109.jar;C:\Users\dougr\.p2\pool\plugins\org.junit.jupiter.migrationsupport_5.4.0.v20190212-2109.jar;C:\Users\dougr\.p2\pool\plugins\org.junit.jupiter.params_5.4.0.v20190212-2109.jar;C:\Users\dougr\.p2\pool\plugins\org.junit.platform.commons_1.4.0.v20190212-2109.jar;C:\Users\dougr\.p2\pool\plugins\org.junit.platform.engine_1.4.0.v20190212-2109.jar;C:\Users\dougr\.p2\pool\plugins\org.junit.platform.launcher_1.4.0.v20190212-2109.jar;C:\Users\dougr\.p2\pool\plugins\org.junit.platform.runner_1.4.0.v20190212-2109.jar;C:\Users\dougr\.p2\pool\plugins\org.junit.platf
Launcher Type: SUN_STANDARD

[Global flags]
     intx CICompilerCount                          = 4                                         {product} {ergonomic}
     uint ConcGCThreads                            = 2                                         {product} {ergonomic}
     uint G1ConcRefinementThreads                  = 8                                         {product} {ergonomic}
   size_t G1HeapRegionSize                         = 1048576                                   {product} {ergonomic}
    uintx GCDrainStackTargetSize                   = 64                                        {product} {ergonomic}
   size_t InitialHeapSize                          = 268435456                                 {product} {ergonomic}
   size_t MarkStackSize                            = 4194304                                   {product} {ergonomic}
   size_t MaxHeapSize                              = 4282384384                                {product} {ergonomic}
   size_t MaxNewSize                               = 2569011200                                {product} {ergonomic}
   size_t MinHeapDeltaBytes                        = 1048576                                   {product} {ergonomic}
    uintx NonNMethodCodeHeapSize                   = 5836300                                {pd product} {ergonomic}
    uintx NonProfiledCodeHeapSize                  = 122910970                              {pd product} {ergonomic}
    uintx ProfiledCodeHeapSize                     = 122910970                              {pd product} {ergonomic}
    uintx ReservedCodeCacheSize                    = 251658240                              {pd product} {ergonomic}
     bool SegmentedCodeCache                       = true                                      {product} {ergonomic}
     bool UseCompressedClassPointers               = true                                 {lp64_product} {ergonomic}
     bool UseCompressedOops                        = true                                 {lp64_product} {ergonomic}
     bool UseG1GC                                  = true                                      {product} {ergonomic}
     bool UseLargePagesIndividualAllocation        = false                                  {pd product} {ergonomic}

Logging:
Log output configuration:
 #0: stdout all=warning uptime,level,tags
 #1: stderr all=off uptime,level,tags

Environment Variables:
PATH=C:/Program Files/Java/jdk-12.0.2/bin/server;C:/Program Files/Java/jdk-12.0.2/bin;C:\ProgramData\Oracle\Java\javapath;C:\Program Files (x86)\Common Files\Intel\Shared Libraries\redist\ia32\compiler;C:\Program Files (x86)\Common Files\Intel\Shared Libraries\redist\intel64\compiler;C:\Windows\system32;C:\Windows;C:\Windows\System32\Wbem;C:\Windows\System32\WindowsPowerShell\v1.0\;C:\Windows\System32\OpenSSH\;C:\Program Files\NVIDIA Corporation\NVIDIA NvDLISR;C:\Program Files (x86)\NVIDIA Corporation\PhysX\Common;C;C:\Program Files (x86)\QuickTime\QTSystem\;C:\WINDOWS\system32;C:\WINDOWS;C:\WINDOWS\System32\Wbem;C:\WINDOWS\System32\WindowsPowerShell\v1.0\;C:\WINDOWS\System32\OpenSSH\;C:\Users\dougr\AppData\Local\Microsoft\WindowsApps;C:\Program Files (x86)\Mercurial;C:\WINDOWS\system32;
USERNAME=dougr
OS=Windows_NT
PROCESSOR_IDENTIFIER=Intel64 Family 6 Model 60 Stepping 3, GenuineIntel



---------------  S Y S T E M  ---------------

OS: Windows 10 , 64 bit Build 19041 (10.0.19041.292)

CPU:total 8 (initial active 8) (4 cores per cpu, 2 threads per core) family 6 model 60 stepping 3, cmov, cx8, fxsr, mmx, sse, sse2, sse3, ssse3, sse4.1, sse4.2, popcnt, avx, avx2, aes, clmul, erms, lzcnt, ht, tsc, tscinvbit, bmi1, bmi2, fma

Memory: 4k page, system-wide physical 16333M (8596M free)
TotalPageFile size 23501M (AvailPageFile size 11360M)
current process WorkingSet (physical memory assigned to process): 65M, peak: 121M
current process commit charge ("private bytes"): 363M, peak: 419M

vm_info: Java HotSpot(TM) 64-Bit Server VM (12.0.2+10) for windows-amd64 JRE (12.0.2+10), built on Jul 16 2019 01:56:17 by "mach5one" with MS VC++ 15.5 (VS2017)

END.
